#logback.classic pattern: [REQUEST2] [%-5level] %d{yyyy-MM-dd HH:mm:ss} [%thread] [%logger{40}:%line] - %msg%n
[REQUEST2] [INFO ] 2023-10-19 22:52:18 [main] [dev.be.logback.LogBackApplication:55] - Starting LogBackApplication using Java 11.0.16.1 on LAPTOP-PV547CLP with PID 5632 (C:\Users\crumb\projects\LogBack\build\classes\java\main started by crumb in C:\Users\crumb\projects\LogBack)
[REQUEST2] [INFO ] 2023-10-19 22:52:18 [main] [dev.be.logback.LogBackApplication:637] - The following 1 profile is active: "prod"
[REQUEST2] [INFO ] 2023-10-19 22:52:19 [main] [o.s.b.w.embedded.tomcat.TomcatWebServer:108] - Tomcat initialized with port(s): 8080 (http)
[REQUEST2] [INFO ] 2023-10-19 22:52:19 [main] [org.apache.catalina.core.StandardService:173] - Starting service [Tomcat]
[REQUEST2] [INFO ] 2023-10-19 22:52:19 [main] [org.apache.catalina.core.StandardEngine:173] - Starting Servlet engine: [Apache Tomcat/9.0.82]
[REQUEST2] [INFO ] 2023-10-19 22:52:19 [main] [o.a.c.c.C.[Tomcat].[localhost].[/]:173] - Initializing Spring embedded WebApplicationContext
[REQUEST2] [INFO ] 2023-10-19 22:52:19 [main] [o.s.b.w.s.c.ServletWebServerApplicationContext:292] - Root WebApplicationContext: initialization completed in 790 ms
[REQUEST2] [INFO ] 2023-10-19 22:52:19 [main] [o.s.b.w.embedded.tomcat.TomcatWebServer:220] - Tomcat started on port(s): 8080 (http) with context path ''
[REQUEST2] [INFO ] 2023-10-19 22:52:19 [main] [dev.be.logback.LogBackApplication:61] - Started LogBackApplication in 1.562 seconds (JVM running for 2.302)
[REQUEST2] [INFO ] 2023-10-19 22:52:24 [http-nio-8080-exec-1] [o.a.c.c.C.[Tomcat].[localhost].[/]:173] - Initializing Spring DispatcherServlet 'dispatcherServlet'
[REQUEST2] [INFO ] 2023-10-19 22:52:24 [http-nio-8080-exec-1] [o.s.web.servlet.DispatcherServlet:525] - Initializing Servlet 'dispatcherServlet'
[REQUEST2] [INFO ] 2023-10-19 22:52:24 [http-nio-8080-exec-1] [o.s.web.servlet.DispatcherServlet:547] - Completed initialization in 0 ms
[REQUEST2] [INFO ] 2023-10-19 22:52:24 [http-nio-8080-exec-1] [dev.be.logback.controller.DemoController:15] - log --> INFO
[REQUEST2] [WARN ] 2023-10-19 22:52:24 [http-nio-8080-exec-1] [dev.be.logback.controller.DemoController:16] - log --> WARN
[REQUEST2] [ERROR] 2023-10-19 22:52:24 [http-nio-8080-exec-1] [dev.be.logback.controller.DemoController:17] - log --> ERROR
[REQUEST2] [INFO ] 2023-10-19 22:52:25 [http-nio-8080-exec-2] [dev.be.logback.controller.DemoController:15] - log --> INFO
[REQUEST2] [WARN ] 2023-10-19 22:52:25 [http-nio-8080-exec-2] [dev.be.logback.controller.DemoController:16] - log --> WARN
[REQUEST2] [ERROR] 2023-10-19 22:52:25 [http-nio-8080-exec-2] [dev.be.logback.controller.DemoController:17] - log --> ERROR
[REQUEST2] [INFO ] 2023-10-19 22:52:25 [http-nio-8080-exec-4] [dev.be.logback.controller.DemoController:15] - log --> INFO
[REQUEST2] [WARN ] 2023-10-19 22:52:25 [http-nio-8080-exec-4] [dev.be.logback.controller.DemoController:16] - log --> WARN
[REQUEST2] [ERROR] 2023-10-19 22:52:25 [http-nio-8080-exec-4] [dev.be.logback.controller.DemoController:17] - log --> ERROR
[REQUEST2] [INFO ] 2023-10-19 22:52:26 [http-nio-8080-exec-6] [dev.be.logback.controller.DemoController:15] - log --> INFO
[REQUEST2] [WARN ] 2023-10-19 22:52:26 [http-nio-8080-exec-6] [dev.be.logback.controller.DemoController:16] - log --> WARN
[REQUEST2] [ERROR] 2023-10-19 22:52:26 [http-nio-8080-exec-6] [dev.be.logback.controller.DemoController:17] - log --> ERROR
[REQUEST2] [INFO ] 2023-10-19 22:52:49 [http-nio-8080-exec-8] [dev.be.logback.controller.DemoController:15] - log --> INFO
[REQUEST2] [WARN ] 2023-10-19 22:52:49 [http-nio-8080-exec-8] [dev.be.logback.controller.DemoController:16] - log --> WARN
[REQUEST2] [ERROR] 2023-10-19 22:52:49 [http-nio-8080-exec-8] [dev.be.logback.controller.DemoController:17] - log --> ERROR
[REQUEST2] [INFO ] 2023-10-19 22:52:50 [http-nio-8080-exec-10] [dev.be.logback.controller.DemoController:15] - log --> INFO
[REQUEST2] [WARN ] 2023-10-19 22:52:50 [http-nio-8080-exec-10] [dev.be.logback.controller.DemoController:16] - log --> WARN
[REQUEST2] [ERROR] 2023-10-19 22:52:50 [http-nio-8080-exec-10] [dev.be.logback.controller.DemoController:17] - log --> ERROR
[REQUEST2] [INFO ] 2023-10-19 22:52:51 [http-nio-8080-exec-2] [dev.be.logback.controller.DemoController:15] - log --> INFO
[REQUEST2] [WARN ] 2023-10-19 22:52:51 [http-nio-8080-exec-2] [dev.be.logback.controller.DemoController:16] - log --> WARN
[REQUEST2] [ERROR] 2023-10-19 22:52:51 [http-nio-8080-exec-2] [dev.be.logback.controller.DemoController:17] - log --> ERROR
[REQUEST2] [INFO ] 2023-10-19 22:52:51 [http-nio-8080-exec-4] [dev.be.logback.controller.DemoController:15] - log --> INFO
[REQUEST2] [WARN ] 2023-10-19 22:52:51 [http-nio-8080-exec-4] [dev.be.logback.controller.DemoController:16] - log --> WARN
[REQUEST2] [ERROR] 2023-10-19 22:52:51 [http-nio-8080-exec-4] [dev.be.logback.controller.DemoController:17] - log --> ERROR
[REQUEST2] [INFO ] 2023-10-19 22:52:52 [http-nio-8080-exec-6] [dev.be.logback.controller.DemoController:15] - log --> INFO
[REQUEST2] [WARN ] 2023-10-19 22:52:52 [http-nio-8080-exec-6] [dev.be.logback.controller.DemoController:16] - log --> WARN
[REQUEST2] [ERROR] 2023-10-19 22:52:52 [http-nio-8080-exec-6] [dev.be.logback.controller.DemoController:17] - log --> ERROR
[REQUEST2] [INFO ] 2023-10-19 22:52:53 [http-nio-8080-exec-8] [dev.be.logback.controller.DemoController:15] - log --> INFO
[REQUEST2] [WARN ] 2023-10-19 22:52:53 [http-nio-8080-exec-8] [dev.be.logback.controller.DemoController:16] - log --> WARN
[REQUEST2] [ERROR] 2023-10-19 22:52:53 [http-nio-8080-exec-8] [dev.be.logback.controller.DemoController:17] - log --> ERROR
[REQUEST2] [INFO ] 2023-10-19 22:52:54 [http-nio-8080-exec-10] [dev.be.logback.controller.DemoController:15] - log --> INFO
[REQUEST2] [WARN ] 2023-10-19 22:52:54 [http-nio-8080-exec-10] [dev.be.logback.controller.DemoController:16] - log --> WARN
[REQUEST2] [ERROR] 2023-10-19 22:52:54 [http-nio-8080-exec-10] [dev.be.logback.controller.DemoController:17] - log --> ERROR
[REQUEST2] [INFO ] 2023-10-19 22:52:56 [http-nio-8080-exec-2] [dev.be.logback.controller.DemoController:15] - log --> INFO
[REQUEST2] [WARN ] 2023-10-19 22:52:56 [http-nio-8080-exec-2] [dev.be.logback.controller.DemoController:16] - log --> WARN
[REQUEST2] [ERROR] 2023-10-19 22:52:56 [http-nio-8080-exec-2] [dev.be.logback.controller.DemoController:17] - log --> ERROR
